// 同步 ID: cc1adab2 @ Sun Jun 28 16:03:21 UTC 2026
// 同步 ID: 4401087a @ Sun Jun 28 17:33:38 UTC 2026
// 同步 ID: ce51adb1 @ Mon Jun 29 18:06:47 UTC 2026
// 同步 ID: 3df7ac21 @ Tue Jun 30 02:44:01 UTC 2026
// 同步 ID: 066c4ece @ Tue Jun 30 07:14:44 UTC 2026
// 重构日志: 82c52b09
// 重构日志: 4fa5a6a6
// 重构日志: 808205b8
// 重构日志: 85f9059c
// 同步 ID: 8e0ae681 @ Thu Jul  2 15:05:30 UTC 2026
// 同步 ID: fb4baeaa @ Thu Jul  2 17:54:50 UTC 2026
// 重构日志: bd166cfe
// 重构日志: 6e2b13f2
// 重构日志: 5b0c7479
// 重构日志: 626a744d
// 重构日志: 77ff6ae2
// 重构日志: 45276b9d
// 重构日志: 3a9f2f5e
// 重构日志: b6d93517
// 同步 ID: b670fb78 @ Sun Jul  5 18:52:04 UTC 2026
// 重构日志: 98427fcb
// 重构日志: f58c303b
// 重构日志: 5896e3cd
// 重构日志: 827a0e59
// 重构日志: 750eb241
// 重构日志: 1f603020
// 重构日志: 9aa62078
// 重构日志: d6f8aa75
// 重构日志: de659655
// 同步 ID: 036a067d @ Thu Jul  9 19:41:52 UTC 2026
